<?xml version="1.0" encoding="UTF-8"?>
<!-- Generated by org.testng.reporters.JUnitXMLReporter -->
<testsuite ignored="0" hostname="LAPTOP-5KKS4G3M" failures="0" tests="8" name="Test" time="0.101" errors="0" timestamp="2025-09-03T10:40:43 IST">
  <testcase classname="hooks.TestHooks" name="@BeforeMethod beforeTest" time="0.006">
    <failure type="java.lang.RuntimeException" message="❌ config.properties file me &amp;apos;browser&amp;apos; ya &amp;apos;url&amp;apos; missing hai">
      <![CDATA[java.lang.RuntimeException: ❌ config.properties file me 'browser' ya 'url' missing hai
at base.BaseTest.setUp(BaseTest.java:17)
at hooks.TestHooks.beforeTest(TestHooks.java:11)
at java.base/java.util.ArrayList.forEach(ArrayList.java:1596)
... Removed 29 stack frames]]>
    </failure>
  </testcase> <!-- @BeforeMethod beforeTest -->
  <testcase classname="hooks.TestHooks" name="@AfterMethod afterTest" time="0.0">
    <skipped/>
  </testcase> <!-- @AfterMethod afterTest -->
  <testcase classname="hooks.TestHooks" name="@BeforeMethod beforeTest" time="0.0">
    <failure type="java.lang.RuntimeException" message="❌ config.properties file me &amp;apos;browser&amp;apos; ya &amp;apos;url&amp;apos; missing hai">
      <![CDATA[java.lang.RuntimeException: ❌ config.properties file me 'browser' ya 'url' missing hai
at base.BaseTest.setUp(BaseTest.java:17)
at hooks.TestHooks.beforeTest(TestHooks.java:11)
at java.base/java.util.ArrayList.forEach(ArrayList.java:1596)
... Removed 29 stack frames]]>
    </failure>
  </testcase> <!-- @BeforeMethod beforeTest -->
  <testcase classname="hooks.TestHooks" name="@AfterMethod afterTest" time="0.0">
    <skipped/>
  </testcase> <!-- @AfterMethod afterTest -->
  <testcase classname="hooks.TestHooks" name="@BeforeMethod beforeTest" time="0.0">
    <skipped/>
  </testcase> <!-- @BeforeMethod beforeTest -->
  <testcase classname="hooks.TestHooks" name="@AfterMethod afterTest" time="0.0">
    <skipped/>
  </testcase> <!-- @AfterMethod afterTest -->
  <testcase classname="hooks.TestHooks" name="@BeforeMethod beforeTest" time="0.001">
    <failure type="java.lang.RuntimeException" message="❌ config.properties file me &amp;apos;browser&amp;apos; ya &amp;apos;url&amp;apos; missing hai">
      <![CDATA[java.lang.RuntimeException: ❌ config.properties file me 'browser' ya 'url' missing hai
at base.BaseTest.setUp(BaseTest.java:17)
at hooks.TestHooks.beforeTest(TestHooks.java:11)
at java.base/java.util.ArrayList.forEach(ArrayList.java:1596)
... Removed 29 stack frames]]>
    </failure>
  </testcase> <!-- @BeforeMethod beforeTest -->
  <testcase classname="hooks.TestHooks" name="@AfterMethod afterTest" time="0.0">
    <skipped/>
  </testcase> <!-- @AfterMethod afterTest -->
  <testcase classname="hooks.TestHooks" name="@BeforeMethod beforeTest" time="0.001">
    <failure type="java.lang.RuntimeException" message="❌ config.properties file me &amp;apos;browser&amp;apos; ya &amp;apos;url&amp;apos; missing hai">
      <![CDATA[java.lang.RuntimeException: ❌ config.properties file me 'browser' ya 'url' missing hai
at base.BaseTest.setUp(BaseTest.java:17)
at hooks.TestHooks.beforeTest(TestHooks.java:11)
at java.base/java.util.ArrayList.forEach(ArrayList.java:1596)
... Removed 29 stack frames]]>
    </failure>
  </testcase> <!-- @BeforeMethod beforeTest -->
  <testcase classname="hooks.TestHooks" name="@AfterMethod afterTest" time="0.0">
    <skipped/>
  </testcase> <!-- @AfterMethod afterTest -->
  <testcase classname="hooks.TestHooks" name="@BeforeMethod beforeTest" time="0.001">
    <failure type="java.lang.RuntimeException" message="❌ config.properties file me &amp;apos;browser&amp;apos; ya &amp;apos;url&amp;apos; missing hai">
      <![CDATA[java.lang.RuntimeException: ❌ config.properties file me 'browser' ya 'url' missing hai
at base.BaseTest.setUp(BaseTest.java:17)
at hooks.TestHooks.beforeTest(TestHooks.java:11)
at java.base/java.util.ArrayList.forEach(ArrayList.java:1596)
... Removed 29 stack frames]]>
    </failure>
  </testcase> <!-- @BeforeMethod beforeTest -->
  <testcase classname="hooks.TestHooks" name="@AfterMethod afterTest" time="0.0">
    <skipped/>
  </testcase> <!-- @AfterMethod afterTest -->
  <testcase classname="hooks.TestHooks" name="@BeforeMethod beforeTest" time="0.0">
    <skipped/>
  </testcase> <!-- @BeforeMethod beforeTest -->
  <testcase classname="hooks.TestHooks" name="@AfterMethod afterTest" time="0.0">
    <skipped/>
  </testcase> <!-- @AfterMethod afterTest -->
  <testcase classname="hooks.TestHooks" name="@BeforeMethod beforeTest" time="0.0">
    <skipped/>
  </testcase> <!-- @BeforeMethod beforeTest -->
  <testcase classname="hooks.TestHooks" name="@AfterMethod afterTest" time="0.0">
    <skipped/>
  </testcase> <!-- @AfterMethod afterTest -->
  <testcase classname="tests.ProgramsPageTest" name="testProgramsSequentiallyInSameTab" time="0.0">
    <skipped/>
  </testcase> <!-- testProgramsSequentiallyInSameTab -->
  <testcase classname="tests.HomePageTest" name="verifyHomePageSections" time="0.0">
    <skipped/>
  </testcase> <!-- verifyHomePageSections -->
  <testcase classname="tests.HomePageTest" name="verifySearchFunctionality" time="0.001">
    <skipped/>
  </testcase> <!-- verifySearchFunctionality -->
  <testcase classname="tests.ServicesPageTest" name="testServicesSequentiallyInSameTab" time="0.0">
    <skipped/>
  </testcase> <!-- testServicesSequentiallyInSameTab -->
  <testcase classname="tests.ContactUsPageTest" name="verifyContactUsPage" time="0.0">
    <skipped/>
  </testcase> <!-- verifyContactUsPage -->
  <testcase classname="tests.MyAccountPageTest" name="verifyRegistration" time="0.0">
    <skipped/>
  </testcase> <!-- verifyRegistration -->
  <testcase classname="tests.MyAccountPageTest" name="verifyLogin" time="0.0">
    <skipped/>
  </testcase> <!-- verifyLogin -->
  <testcase classname="tests.MyAccountPageTest" name="verifyForgotPassword" time="0.001">
    <skipped/>
  </testcase> <!-- verifyForgotPassword -->
</testsuite> <!-- Test -->
